<?xml version="1.0" encoding="UTF-8"?>
<testng-results ignored="0" total="4" passed="4" failed="0" skipped="0">
  <reporter-output>
  </reporter-output>
  <suite started-at="2024-12-28T12:36:49 IST" name="Test Suite for Buildout" finished-at="2024-12-28T12:38:42 IST" duration-ms="113641">
    <groups>
    </groups>
    <test started-at="2024-12-28T12:36:49 IST" name="Test Cases for Buildout" finished-at="2024-12-28T12:38:42 IST" duration-ms="113641">
      <class name="demo.TestCases">
        <test-method is-config="true" signature="startBrowser()[pri:0, instance:demo.TestCases@19835e64]" started-at="2024-12-28T12:36:49 IST" name="startBrowser" finished-at="2024-12-28T12:36:53 IST" duration-ms="4662" status="PASS">
          <reporter-output>
          </reporter-output>
        </test-method> <!-- startBrowser -->
        <test-method signature="testCase01()[pri:0, instance:demo.TestCases@19835e64]" started-at="2024-12-28T12:36:53 IST" name="testCase01" finished-at="2024-12-28T12:37:23 IST" duration-ms="29186" status="PASS">
          <reporter-output>
          </reporter-output>
        </test-method> <!-- testCase01 -->
        <test-method signature="testCase02()[pri:0, instance:demo.TestCases@19835e64]" started-at="2024-12-28T12:37:23 IST" name="testCase02" finished-at="2024-12-28T12:37:46 IST" duration-ms="23096" status="PASS">
          <reporter-output>
          </reporter-output>
        </test-method> <!-- testCase02 -->
        <test-method signature="testCase03()[pri:0, instance:demo.TestCases@19835e64]" started-at="2024-12-28T12:37:46 IST" name="testCase03" finished-at="2024-12-28T12:38:08 IST" duration-ms="22814" status="PASS">
          <reporter-output>
          </reporter-output>
        </test-method> <!-- testCase03 -->
        <test-method signature="testCase04()[pri:0, instance:demo.TestCases@19835e64]" started-at="2024-12-28T12:38:08 IST" name="testCase04" finished-at="2024-12-28T12:38:42 IST" duration-ms="33747" status="PASS">
          <reporter-output>
          </reporter-output>
        </test-method> <!-- testCase04 -->
      </class> <!-- demo.TestCases -->
    </test> <!-- Test Cases for Buildout -->
  </suite> <!-- Test Suite for Buildout -->
</testng-results>
